[2025-05-29 17:42:03] local.INFO: Queue worker PID :1323480  
[2025-05-29 17:42:03] local.WARNING: posix_kill function does not exist. Cannot check process status.  
[2025-05-29 17:42:03] local.INFO: Queue worker is running...  
[2025-05-29 17:42:08] local.INFO: Queue worker is running...  
[2025-05-29 17:42:13] local.INFO: Queue worker is running...  
[2025-05-29 17:42:18] local.INFO: Queue worker is running...  
[2025-05-29 17:42:23] local.INFO: Queue worker is running...  
[2025-05-29 17:42:28] local.INFO: Queue worker is running...  
[2025-05-29 17:42:33] local.INFO: Queue worker is running...  
[2025-05-29 17:42:38] local.INFO: Queue worker is running...  
[2025-05-29 17:42:43] local.INFO: Queue worker is running...  
[2025-05-29 17:42:48] local.INFO: Queue worker is running...  
[2025-05-29 17:42:53] local.INFO: Queue worker is running...  
[2025-05-29 17:42:58] local.INFO: Queue worker is running...  
[2025-05-29 17:43:03] local.INFO: base url is:http://tissue-dashboard.test  
[2025-05-29 17:43:03] local.INFO: 6  
[2025-05-29 17:43:04] local.INFO: API called asynchronously: http://tissue-dashboard.test/api/start-queue   
[2025-05-29 18:13:28] local.INFO: Queue worker PID :1323480  
[2025-05-29 18:13:28] local.WARNING: posix_kill function does not exist. Cannot check process status.  
[2025-05-29 18:13:28] local.INFO: Queue worker is running...  
[2025-05-29 18:13:33] local.INFO: Queue worker is running...  
[2025-05-29 18:13:38] local.INFO: Queue worker is running...  
[2025-05-29 18:13:44] local.INFO: Queue worker is running...  
[2025-05-29 18:13:49] local.INFO: Queue worker is running...  
[2025-05-29 18:13:54] local.INFO: Queue worker is running...  
[2025-05-29 18:13:59] local.INFO: Queue worker is running...  
[2025-05-29 18:14:04] local.INFO: Queue worker is running...  
[2025-05-29 18:14:09] local.INFO: Queue worker is running...  
[2025-05-29 18:14:14] local.INFO: Queue worker is running...  
[2025-05-29 18:14:19] local.INFO: Queue worker is running...  
[2025-05-29 18:14:24] local.INFO: Queue worker is running...  
[2025-05-29 18:14:29] local.INFO: base url is:http://tissue-dashboard.test  
[2025-05-29 18:14:29] local.INFO: 6  
[2025-05-29 18:14:29] local.INFO: API called asynchronously: http://tissue-dashboard.test/api/start-queue  
[2025-05-29 18:15:15] local.INFO: Queue worker PID :1323480  
[2025-05-29 18:15:15] local.WARNING: posix_kill function does not exist. Cannot check process status.  
[2025-05-29 18:15:15] local.INFO: Queue worker is running...  
[2025-05-29 18:15:20] local.INFO: Queue worker is running...  
[2025-05-29 18:15:25] local.INFO: Queue worker is running...  
[2025-05-29 18:15:30] local.INFO: Queue worker is running...  
[2025-05-29 18:15:35] local.INFO: Queue worker is running...  
[2025-05-29 18:15:40] local.INFO: Queue worker is running...  
[2025-05-29 18:15:45] local.INFO: Queue worker is running...  
[2025-05-29 18:15:50] local.INFO: Queue worker is running...  
[2025-05-29 18:15:55] local.INFO: Queue worker is running...  
[2025-05-29 18:16:00] local.INFO: Queue worker is running...  
[2025-05-29 18:16:05] local.INFO: Queue worker is running...  
[2025-05-29 18:16:10] local.INFO: Queue worker is running...  
[2025-05-29 18:16:15] local.INFO: base url is:http://tissue-dashboard.test  
[2025-05-29 18:16:15] local.INFO: 6  
[2025-05-29 18:16:16] local.INFO: API called asynchronously: http://tissue-dashboard.test/api/start-queue  
[2025-05-29 18:16:53] local.INFO: Queue worker PID :1323480  
[2025-05-29 18:16:53] local.WARNING: posix_kill function does not exist. Cannot check process status.  
[2025-05-29 18:16:53] local.INFO: Queue worker is running...  
[2025-05-29 18:16:58] local.INFO: Queue worker is running...  
[2025-05-29 18:17:03] local.INFO: Queue worker is running...  
[2025-05-29 18:17:08] local.INFO: Queue worker is running...  
[2025-05-29 18:17:13] local.INFO: Queue worker is running...  
[2025-05-29 18:17:18] local.INFO: Queue worker is running...  
[2025-05-29 18:17:23] local.INFO: Queue worker is running...  
[2025-05-29 18:17:28] local.INFO: Queue worker is running...  
[2025-05-29 18:17:33] local.INFO: Queue worker is running...  
[2025-05-29 18:17:38] local.INFO: Queue worker is running...  
[2025-05-29 18:17:43] local.INFO: Queue worker is running...  
[2025-05-29 18:17:48] local.INFO: Queue worker is running...  
[2025-05-29 18:17:53] local.INFO: base url is:http://tissue-dashboard.test  
[2025-05-29 18:17:53] local.INFO: 6  
[2025-05-29 18:17:53] local.INFO: API called asynchronously: http://tissue-dashboard.test/api/start-queue  
[2025-05-30 16:58:53] local.ERROR: Out of memory (allocated 20971520 bytes) (tried to allocate 32768 bytes) {"exception":"[object] (Symfony\\Component\\ErrorHandler\\Error\\FatalError(code: 0): Out of memory (allocated 20971520 bytes) (tried to allocate 32768 bytes) at D:\\Downloads\\laragon\\www\\tissue-dashboard\\vendor\\laravel\\framework\\src\\Illuminate\\Database\\Migrations\\Migrator.php:1)
[stacktrace]
#0 {main}
"} 
